[    0.000000] Initializing cgroup subsys cpuset
[    0.000000] Initializing cgroup subsys cpu
[    0.000000] Initializing cgroup subsys cpuacct
[    0.000000] Linux version 4.4.0-200-generic (buildd@lgw01-amd64-032) (gcc version 5.4.0 20160609 (Ubuntu 5.4.0-6ubuntu1~16.04.12) ) #232-Ubuntu SMP Wed Jan 13 10:18:39 UTC 2021 (Ubuntu 4.4.0-200.232-generic 4.4.244)
[    0.000000] Command line: BOOT_IMAGE=/boot/vmlinuz-4.4.0-200-generic root=LABEL=cloudimg-rootfs ro console=tty1 console=ttyS0
[    0.000000] KERNEL supported cpus:
[    0.000000]   Intel GenuineIntel
[    0.000000]   AMD AuthenticAMD
[    0.000000]   Centaur CentaurHauls
[    0.000000] x86/fpu: Legacy x87 FPU detected.
[    0.000000] e820: BIOS-provided physical RAM map:
[    0.000000] BIOS-e820: [mem 0x0000000000000000-0x000000000009fbff] usable
[    0.000000] BIOS-e820: [mem 0x000000000009fc00-0x000000000009ffff] reserved
[    0.000000] BIOS-e820: [mem 0x00000000000f0000-0x00000000000fffff] reserved
[    0.000000] BIOS-e820: [mem 0x0000000000100000-0x000000003ffeffff] usable
[    0.000000] BIOS-e820: [mem 0x000000003fff0000-0x000000003fffffff] ACPI data
[    0.000000] BIOS-e820: [mem 0x00000000fec00000-0x00000000fec00fff] reserved
[    0.000000] BIOS-e820: [mem 0x00000000fee00000-0x00000000fee00fff] reserved
[    0.000000] BIOS-e820: [mem 0x00000000fffc0000-0x00000000ffffffff] reserved
[    0.000000] NX (Execute Disable) protection: active
[    0.000000] SMBIOS 2.5 present.
[    0.000000] Hypervisor detected: KVM
[    0.000000] e820: last_pfn = 0x3fff0 max_arch_pfn = 0x400000000
[    0.000000] MTRR: Disabled
[    0.000000] x86/PAT: MTRRs disabled, skipping PAT initialization too.
[    0.000000] CPU MTRRs all blank - virtualized system.
[    0.000000] x86/PAT: Configuration [0-7]: WB  WT  UC- UC  WB  WT  UC- UC  
[    0.000000] found SMP MP-table at [mem 0x0009fff0-0x0009ffff] mapped at [ffff88000009fff0]
[    0.000000] Scanning 1 areas for low memory corruption
[    0.000000] RAMDISK: [mem 0x362de000-0x37166fff]
[    0.000000] ACPI: Early table checksum verification disabled
[    0.000000] ACPI: RSDP 0x00000000000E0000 000024 (v02 VBOX  )
[    0.000000] ACPI: XSDT 0x000000003FFF0030 00003C (v01 VBOX   VBOXXSDT 00000001 ASL  00000061)
[    0.000000] ACPI: FACP 0x000000003FFF00F0 0000F4 (v04 VBOX   VBOXFACP 00000001 ASL  00000061)
[    0.000000] ACPI: DSDT 0x000000003FFF0470 002325 (v02 VBOX   VBOXBIOS 00000002 INTL 20100528)
[    0.000000] ACPI: FACS 0x000000003FFF0200 000040
[    0.000000] ACPI: FACS 0x000000003FFF0200 000040
[    0.000000] ACPI: APIC 0x000000003FFF0240 00005C (v02 VBOX   VBOXAPIC 00000001 ASL  00000061)
[    0.000000] ACPI: SSDT 0x000000003FFF02A0 0001CC (v01 VBOX   VBOXCPUT 00000002 INTL 20100528)
[    0.000000] No NUMA configuration found
[    0.000000] Faking a node at [mem 0x0000000000000000-0x000000003ffeffff]
[    0.000000] NODE_DATA(0) allocated [mem 0x3ffeb000-0x3ffeffff]
[    0.000000] kvm-clock: Using msrs 4b564d01 and 4b564d00
[    0.000000] kvm-clock: cpu 0, msr 0:3ffe3001, primary cpu clock
[    0.000000] kvm-clock: using sched offset of 4389543671 cycles
[    0.000000] clocksource: kvm-clock: mask: 0xffffffffffffffff max_cycles: 0x1cd42e4dffb, max_idle_ns: 881590591483 ns
[    0.000000] Zone ranges:
[    0.000000]   DMA      [mem 0x0000000000001000-0x0000000000ffffff]
[    0.000000]   DMA32    [mem 0x0000000001000000-0x000000003ffeffff]
[    0.000000]   Normal   empty
[    0.000000]   Device   empty
[    0.000000] Movable zone start for each node
[    0.000000] Early memory node ranges
[    0.000000]   node   0: [mem 0x0000000000001000-0x000000000009efff]
[    0.000000]   node   0: [mem 0x0000000000100000-0x000000003ffeffff]
[    0.000000] Initmem setup node 0 [mem 0x0000000000001000-0x000000003ffeffff]
[    0.000000] ACPI: PM-Timer IO Port: 0x4008
[    0.000000] IOAPIC[0]: apic_id 2, version 32, address 0xfec00000, GSI 0-23
[    0.000000] ACPI: INT_SRC_OVR (bus 0 bus_irq 0 global_irq 2 dfl dfl)
[    0.000000] ACPI: INT_SRC_OVR (bus 0 bus_irq 9 global_irq 9 low level)
[    0.000000] Using ACPI (MADT) for SMP configuration information
[    0.000000] smpboot: Allowing 2 CPUs, 0 hotplug CPUs
[    0.000000] PM: Registered nosave memory: [mem 0x00000000-0x00000fff]
[    0.000000] PM: Registered nosave memory: [mem 0x0009f000-0x0009ffff]
[    0.000000] PM: Registered nosave memory: [mem 0x000a0000-0x000effff]
[    0.000000] PM: Registered nosave memory: [mem 0x000f0000-0x000fffff]
[    0.000000] e820: [mem 0x40000000-0xfebfffff] available for PCI devices
[    0.000000] Booting paravirtualized kernel on KVM
[    0.000000] clocksource: refined-jiffies: mask: 0xffffffff max_cycles: 0xffffffff, max_idle_ns: 7645519600211568 ns
[    0.000000] setup_percpu: NR_CPUS:512 nr_cpumask_bits:512 nr_cpu_ids:2 nr_node_ids:1
[    0.000000] PERCPU: Embedded 33 pages/cpu @ffff88003fc00000 s95640 r8192 d31336 u1048576
[    0.000000] Built 1 zonelists in Node order, mobility grouping on.  Total pages: 257912
[    0.000000] Policy zone: DMA32
[    0.000000] Kernel command line: BOOT_IMAGE=/boot/vmlinuz-4.4.0-200-generic root=LABEL=cloudimg-rootfs ro console=tty1 console=ttyS0
[    0.000000] PID hash table entries: 4096 (order: 3, 32768 bytes)
[    0.000000] Memory: 997660K/1048120K available (8641K kernel code, 1337K rwdata, 4044K rodata, 1492K init, 1296K bss, 50460K reserved, 0K cma-reserved)
[    0.000000] SLUB: HWalign=64, Order=0-3, MinObjects=0, CPUs=2, Nodes=1
[    0.000000] Kernel/User page tables isolation: enabled
[    0.000000] Hierarchical RCU implementation.
[    0.000000] 	Build-time adjustment of leaf fanout to 64.
[    0.000000] 	RCU restricting CPUs from NR_CPUS=512 to nr_cpu_ids=2.
[    0.000000] RCU: Adjusting geometry for rcu_fanout_leaf=64, nr_cpu_ids=2
[    0.000000] NR_IRQS:33024 nr_irqs:440 16
[    0.000000] Console: colour VGA+ 80x25
[    0.000000] console [tty1] enabled
[    0.000000] console [ttyS0] enabled
[    0.000000] tsc: Detected 2208.006 MHz processor
[    0.528469] Calibrating delay loop (skipped) preset value.. 4416.01 BogoMIPS (lpj=8832024)
[    0.534812] pid_max: default: 32768 minimum: 301
[    0.538314] ACPI: Core revision 20150930
[    0.542306] ACPI: 2 ACPI AML tables successfully acquired and loaded
[    0.547576] Security Framework initialized
[    0.550592] Yama: becoming mindful.
[    0.553493] AppArmor: AppArmor initialized
[    0.556628] Dentry cache hash table entries: 131072 (order: 8, 1048576 bytes)
[    0.565934] Inode-cache hash table entries: 65536 (order: 7, 524288 bytes)
[    0.573184] Mount-cache hash table entries: 2048 (order: 2, 16384 bytes)
[    0.578975] Mountpoint-cache hash table entries: 2048 (order: 2, 16384 bytes)
[    0.588391] Initializing cgroup subsys io
[    0.592330] Initializing cgroup subsys memory
[    0.595703] Initializing cgroup subsys devices
[    0.599172] Initializing cgroup subsys freezer
[    0.602914] Initializing cgroup subsys net_cls
[    0.607677] Initializing cgroup subsys perf_event
[    0.611890] Initializing cgroup subsys net_prio
[    0.616470] Initializing cgroup subsys hugetlb
[    0.620738] Initializing cgroup subsys pids
[    0.625421] mce: CPU supports 0 MCE banks
[    0.629644] Last level iTLB entries: 4KB 64, 2MB 8, 4MB 8
[    0.633656] Last level dTLB entries: 4KB 64, 2MB 0, 4MB 0, 1GB 4
[    0.638743] Spectre V1 : Mitigation: usercopy/swapgs barriers and __user pointer sanitization
[    0.645431] Spectre V2 : Mitigation: Full generic retpoline
[    0.650829] Spectre V2 : Spectre v2 / SpectreRSB mitigation: Filling RSB on context switch
[    0.658262] Speculative Store Bypass: Vulnerable
[    0.663021] MDS: Mitigation: Clear CPU buffers
[    0.688278] Freeing SMP alternatives memory: 36K
[    0.739604] ftrace: allocating 32360 entries in 127 pages
[    1.352910] smpboot: APIC(0) Converting physical 0 to logical package 0
[    1.359999] smpboot: Max logical packages: 1
[    1.378941] ..TIMER: vector=0x30 apic1=0 pin1=2 apic2=-1 pin2=-1
[    1.493427] smpboot: CPU0: Intel(R) Core(TM) i7-8750H CPU @ 2.20GHz (family: 0x6, model: 0x9e, stepping: 0xa)
[    1.505737] Performance Events: unsupported p6 CPU model 158 no PMU driver, software events only.
[    1.563191] KVM setup paravirtual spinlock
[    1.569497] x86: Booting SMP configuration:
[    1.573996] .... node  #0, CPUs:      #1
[    1.578578] kvm-clock: cpu 1, msr 0:3ffe3041, secondary cpu clock
[    1.582706] mce: CPU supports 0 MCE banks
[    1.585805] TSC synchronization [CPU#0 -> CPU#1]:
[    1.589390] Measured 52118 cycles TSC warp between CPUs, turning off TSC clock.
[    1.594440] tsc: Marking TSC unstable due to check_tsc_sync_source failed
[    0.406281] x86: Booted up 1 node, 2 CPUs
[    0.408003] smpboot: Total of 2 processors activated (8832.02 BogoMIPS)
[    0.416677] devtmpfs: initialized
[    0.421991] evm: security.selinux
[    0.424005] evm: security.SMACK64
[    0.428002] evm: security.SMACK64EXEC
[    0.430672] evm: security.SMACK64TRANSMUTE
[    0.432002] evm: security.SMACK64MMAP
[    0.434830] evm: security.ima
[    0.436002] evm: security.capability
[    0.440431] clocksource: jiffies: mask: 0xffffffff max_cycles: 0xffffffff, max_idle_ns: 7645041785100000 ns
[    0.444011] futex hash table entries: 512 (order: 3, 32768 bytes)
[    0.452384] pinctrl core: initialized pinctrl subsystem
[    0.456232] RTC time: 18:28:45, date: 03/22/21
[    0.461266] NET: Registered protocol family 16
[    0.476007] cpuidle: using governor ladder
[    0.492007] cpuidle: using governor menu
[    0.496122] PCCT header not found.
[    0.500084] ACPI: bus type PCI registered
[    0.503260] acpiphp: ACPI Hot Plug PCI Controller Driver version: 0.5
[    0.504394] PCI: Using configuration type 1 for base access
[    0.532679] ACPI: Added _OSI(Module Device)
[    0.536003] ACPI: Added _OSI(Processor Device)
[    0.540003] ACPI: Added _OSI(3.0 _SCP Extensions)
[    0.544002] ACPI: Added _OSI(Processor Aggregator Device)
[    0.549004] ACPI: Executed 1 blocks of module-level executable AML code
[    0.556589] ACPI: Interpreter enabled
[    0.560010] ACPI: (supports S0 S5)
[    0.562637] ACPI: Using IOAPIC for interrupt routing
[    0.564254] PCI: Using host bridge windows from ACPI; if necessary, use "pci=nocrs" and report a bug
[    0.577185] ACPI: PCI Root Bridge [PCI0] (domain 0000 [bus 00-ff])
[    0.580005] acpi PNP0A03:00: _OSC: OS supports [ASPM ClockPM Segments MSI]
[    0.584502] acpi PNP0A03:00: _OSC: not requesting OS control; OS requires [ExtendedConfig ASPM ClockPM MSI]
[    0.588008] acpi PNP0A03:00: fail to add MMCONFIG information, can't access extended PCI configuration space under this bridge.
[    0.592474] PCI host bridge to bus 0000:00
[    0.596003] pci_bus 0000:00: root bus resource [io  0x0000-0x0cf7 window]
[    0.600004] pci_bus 0000:00: root bus resource [io  0x0d00-0xffff window]
[    0.604004] pci_bus 0000:00: root bus resource [mem 0x000a0000-0x000bffff window]
[    0.608003] pci_bus 0000:00: root bus resource [mem 0x40000000-0xfdffffff window]
[    0.612004] pci_bus 0000:00: root bus resource [bus 00-ff]
[    0.620196] pci 0000:00:01.1: legacy IDE quirk: reg 0x10: [io  0x01f0-0x01f7]
[    0.624003] pci 0000:00:01.1: legacy IDE quirk: reg 0x14: [io  0x03f6]
[    0.628003] pci 0000:00:01.1: legacy IDE quirk: reg 0x18: [io  0x0170-0x0177]
[    0.632003] pci 0000:00:01.1: legacy IDE quirk: reg 0x1c: [io  0x0376]
[    0.679110] pci 0000:00:07.0: quirk: [io  0x4000-0x403f] claimed by PIIX4 ACPI
[    0.680025] pci 0000:00:07.0: quirk: [io  0x4100-0x410f] claimed by PIIX4 SMB
[    0.689283] ACPI: PCI Interrupt Link [LNKA] (IRQs 5 9 10 *11)
[    0.696355] ACPI: PCI Interrupt Link [LNKB] (IRQs 5 9 *10 11)
[    0.702554] ACPI: PCI Interrupt Link [LNKC] (IRQs 5 *9 10 11)
[    0.710271] ACPI: PCI Interrupt Link [LNKD] (IRQs 5 9 10 *11)
[    0.717491] ACPI: Enabled 2 GPEs in block 00 to 07
[    0.724282] vgaarb: setting as boot device: PCI:0000:00:02.0
[    0.728000] vgaarb: device added: PCI:0000:00:02.0,decodes=io+mem,owns=io+mem,locks=none
[    0.728006] vgaarb: loaded
[    0.732006] vgaarb: bridge control possible 0000:00:02.0
[    0.740328] SCSI subsystem initialized
[    0.744202] ACPI: bus type USB registered
[    0.748045] usbcore: registered new interface driver usbfs
[    0.752046] usbcore: registered new interface driver hub
[    0.756127] usbcore: registered new device driver usb
[    0.760506] PCI: Using ACPI for IRQ routing
[    0.764764] NetLabel: Initializing
[    0.768004] NetLabel:  domain hash size = 128
[    0.772002] NetLabel:  protocols = UNLABELED CIPSOv4
[    0.776017] NetLabel:  unlabeled traffic allowed by default
[    0.780218] amd_nb: Cannot enumerate AMD northbridges
[    0.788004] clocksource: Switched to clocksource kvm-clock
[    0.830110] AppArmor: AppArmor Filesystem Enabled
[    0.833680] pnp: PnP ACPI init
[    0.833680] pnp: PnP ACPI: found 3 devices
[    0.889786] clocksource: acpi_pm: mask: 0xffffff max_cycles: 0xffffff, max_idle_ns: 2085701024 ns
[    0.897222] NET: Registered protocol family 2
[    0.902334] TCP established hash table entries: 8192 (order: 4, 65536 bytes)
[    0.909619] TCP bind hash table entries: 8192 (order: 5, 131072 bytes)
[    0.916183] TCP: Hash tables configured (established 8192 bind 8192)
[    0.919623] UDP hash table entries: 512 (order: 2, 16384 bytes)
[    0.919623] UDP-Lite hash table entries: 512 (order: 2, 16384 bytes)
[    0.919623] NET: Registered protocol family 1
[    0.919623] pci 0000:00:00.0: Limiting direct PCI/PCI transfers
[    0.919623] pci 0000:00:01.0: Activating ISA DMA hang workarounds
[    0.919623] Unpacking initramfs...
[    1.355652] Freeing initrd memory: 14884K
[    1.362731] clocksource: tsc: mask: 0xffffffffffffffff max_cycles: 0x1fd3bdcbb82, max_idle_ns: 440795220917 ns
[    1.377720] platform rtc_cmos: registered platform RTC device (no PNP device found)
[    1.385093] Scanning for low memory corruption every 60 seconds
[    1.391217] audit: initializing netlink subsys (disabled)
[    1.396921] audit: type=2000 audit(1616437730.695:1): initialized
[    1.402687] Initialise system trusted keyring
[    1.408378] HugeTLB registered 2 MB page size, pre-allocated 0 pages
[    1.415495] zbud: loaded
[    1.419523] VFS: Disk quotas dquot_6.6.0
[    1.423951] VFS: Dquot-cache hash table entries: 512 (order 0, 4096 bytes)
[    1.430830] squashfs: version 4.0 (2009/01/31) Phillip Lougher
[    1.437191] fuse init (API version 7.23)
[    1.441739] Key type big_key registered
[    1.445373] Allocating IMA MOK and blacklist keyrings.
[    1.457647] Key type asymmetric registered
[    1.461720] Asymmetric key parser 'x509' registered
[    1.465529] Block layer SCSI generic (bsg) driver version 0.4 loaded (major 249)
[    1.475418] io scheduler noop registered
[    1.479798] io scheduler deadline registered (default)
[    1.485230] io scheduler cfq registered
[    1.488897] pci_hotplug: PCI Hot Plug PCI Core version: 0.5
[    1.493497] pciehp: PCI Express Hot Plug Controller Driver version: 0.4
[    1.498691] ACPI: AC Adapter [AC] (on-line)
[    1.502106] input: Power Button as /devices/LNXSYSTM:00/LNXPWRBN:00/input/input0
[    1.507732] ACPI: Power Button [PWRF]
[    1.511850] input: Sleep Button as /devices/LNXSYSTM:00/LNXSLPBN:00/input/input1
[    1.518842] ACPI: Sleep Button [SLPF]
[    1.523396] GHES: HEST is not enabled!
[    1.527584] Serial: 8250/16550 driver, 32 ports, IRQ sharing enabled
[    1.564201] 00:02: ttyS0 at I/O 0x3f8 (irq = 4, base_baud = 115200) is a 16550A
[    1.573635] Linux agpgart interface v0.103
[    1.585482] loop: module loaded
[    1.591265] scsi host0: ata_piix
[    1.595944] scsi host1: ata_piix
[    1.601270] ata1: PATA max UDMA/33 cmd 0x1f0 ctl 0x3f6 bmdma 0xd000 irq 14
[    1.607493] ata2: PATA max UDMA/33 cmd 0x170 ctl 0x376 bmdma 0xd008 irq 15
[    1.614273] libphy: Fixed MDIO Bus: probed
[    1.620332] tun: Universal TUN/TAP device driver, 1.6
[    1.624727] tun: (C) 1999-2004 Max Krasnyansky <maxk@qualcomm.com>
[    1.630371] PPP generic driver version 2.4.2
[    1.635083] ehci_hcd: USB 2.0 'Enhanced' Host Controller (EHCI) Driver
[    1.641673] ehci-pci: EHCI PCI platform driver
[    1.645717] ehci-platform: EHCI generic platform driver
[    1.649741] ohci_hcd: USB 1.1 'Open' Host Controller (OHCI) Driver
[    1.654560] ohci-pci: OHCI PCI platform driver
[    1.658921] ohci-platform: OHCI generic platform driver
[    1.664270] uhci_hcd: USB Universal Host Controller Interface driver
[    1.669803] i8042: PNP: PS/2 Controller [PNP0303:PS2K,PNP0f03:PS2M] at 0x60,0x64 irq 1,12
[    1.679086] serio: i8042 KBD port at 0x60,0x64 irq 1
[    1.684402] serio: i8042 AUX port at 0x60,0x64 irq 12
[    1.689074] mousedev: PS/2 mouse device common for all mice
[    1.695269] input: AT Translated Set 2 keyboard as /devices/platform/i8042/serio0/input/input2
[    1.704908] rtc_cmos rtc_cmos: rtc core: registered rtc_cmos as rtc0
[    1.710932] rtc_cmos rtc_cmos: alarms up to one day, 114 bytes nvram
[    1.717302] i2c /dev entries driver
[    1.720413] device-mapper: uevent: version 1.0.3
[    1.725230] device-mapper: ioctl: 4.34.0-ioctl (2015-10-28) initialised: dm-devel@redhat.com
[    1.732938] ledtrig-cpu: registered to indicate activity on CPUs
[    1.740069] NET: Registered protocol family 10
[    1.745877] NET: Registered protocol family 17
[    1.749454] Key type dns_resolver registered
[    1.753278] registered taskstats version 1
[    1.756638] Loading compiled-in X.509 certificates
[    1.760659] Loaded X.509 cert 'Build time autogenerated kernel key: d37465c24ef3fae6c7088e8c56d8ac7755b77486'
[    1.768779] zswap: loaded using pool lzo/zbud
[    1.801987] Key type trusted registered
[    1.807696] Key type encrypted registered
[    1.812167] AppArmor: AppArmor sha1 policy hashing enabled
[    1.816789] ima: No TPM chip found, activating TPM-bypass!
[    1.821489] ima: Allocated hash algorithm: sha1
[    1.824946] evm: HMAC attrs: 0x1
[    1.829244]   Magic number: 13:470:494
[    1.833636] rtc_cmos rtc_cmos: setting system clock to 2021-03-22 18:28:46 UTC (1616437726)
[    1.841935] BIOS EDD facility v0.16 2004-Jun-25, 0 devices found
[    1.846990] EDD information not available.
[    1.854013] Freeing unused kernel memory: 1492K
[    1.858374] Write protecting the kernel read-only data: 14336k
[    1.864795] Freeing unused kernel memory: 1588K
[    1.870193] Freeing unused kernel memory: 52K
Loading, please wait...
starting version 229
[    1.903689] random: udevadm: uninitialized urandom read (16 bytes read, 5 bits of entropy available)
[    1.903736] random: systemd-udevd: uninitialized urandom read (16 bytes read, 5 bits of entropy available)
[    1.903790] random: systemd-udevd: uninitialized urandom read (16 bytes read, 5 bits of entropy available)
[    1.903798] random: systemd-udevd: uninitialized urandom read (16 bytes read, 5 bits of entropy available)
[    1.903806] random: systemd-udevd: uninitialized urandom read (16 bytes read, 5 bits of entropy available)
[    1.944451] random: udevadm: uninitialized urandom read (16 bytes read, 5 bits of entropy available)
[    1.960693] random: systemd-udevd: uninitialized urandom read (16 bytes read, 5 bits of entropy available)
[    1.964339] random: udevadm: uninitialized urandom read (16 bytes read, 5 bits of entropy available)
[    1.964381] random: udevadm: uninitialized urandom read (16 bytes read, 5 bits of entropy available)
[    1.964600] random: udevadm: uninitialized urandom read (16 bytes read, 5 bits of entropy available)
[    2.037418] e1000: Intel(R) PRO/1000 Network Driver - version 7.3.21-k8-NAPI
[    2.042878] e1000: Copyright (c) 1999-2006 Intel Corporation.
[    2.058907] Fusion MPT base driver 3.04.20
[    2.063726] Copyright (c) 1999-2008 LSI Corporation
[    2.095146] Fusion MPT SPI Host driver 3.04.20
[    2.311760] input: ImExPS/2 Generic Explorer Mouse as /devices/platform/i8042/serio1/input/input4
[    2.751652] e1000 0000:00:03.0 eth0: (PCI:33MHz:32-bit) 02:95:c5:cf:8a:88
[    2.758561] e1000 0000:00:03.0 eth0: Intel(R) PRO/1000 Network Connection
[    2.766630] e1000 0000:00:03.0 enp0s3: renamed from eth0
[    2.774599] mptbase: ioc0: Initiating bringup
[    3.138199] ioc0: LSI53C1030 A0: Capabilities={Initiator}
[    5.947141] scsi host2: ioc0: LSI53C1030 A0, FwRev=00000000h, Ports=1, MaxQ=256, IRQ=20
[    6.097558] scsi 2:0:0:0: Direct-Access     VBOX     HARDDISK         1.0  PQ: 0 ANSI: 5
[    6.106078] scsi target2:0:0: Beginning Domain Validation
[    6.117905] scsi target2:0:0: Domain Validation skipping write tests
[    6.123845] scsi target2:0:0: Ending Domain Validation
[    6.129674] scsi target2:0:0: asynchronous
[    6.136870] scsi 2:0:1:0: Direct-Access     VBOX     HARDDISK         1.0  PQ: 0 ANSI: 5
[    6.143755] scsi target2:0:1: Beginning Domain Validation
[    6.158317] scsi target2:0:1: Domain Validation skipping write tests
[    6.164579] scsi target2:0:1: Ending Domain Validation
[    6.169034] scsi target2:0:1: asynchronous
[    6.200741] sd 2:0:0:0: Attached scsi generic sg0 type 0
[    6.206960] sd 2:0:1:0: Attached scsi generic sg1 type 0
[    6.207208] sd 2:0:0:0: [sda] 20971520 512-byte logical blocks: (10.7 GB/10.0 GiB)
[    6.221166] sd 2:0:1:0: [sdb] 20480 512-byte logical blocks: (10.5 MB/10.0 MiB)
[    6.225265] sd 2:0:0:0: [sda] Write Protect is off
[    6.225787] sd 2:0:0:0: [sda] Incomplete mode parameter data
[    6.225788] sd 2:0:0:0: [sda] Assuming drive cache: write through
[    6.229523]  sda: sda1
[    6.232218] sd 2:0:0:0: [sda] Attached SCSI disk
[    6.253569] sd 2:0:1:0: [sdb] Write Protect is off
[    6.258031] sd 2:0:1:0: [sdb] Incomplete mode parameter data
[    6.262140] sd 2:0:1:0: [sdb] Assuming drive cache: write through
[    6.280935] sd 2:0:1:0: [sdb] Attached SCSI disk
Begin: Loading essential drivers ... [    7.900088] md: linear personality registered for level -1
[    7.910724] md: multipath personality registered for level -4
[    7.921024] md: raid0 personality registered for level 0
[    7.938528] md: raid1 personality registered for level 1
[   24.780202] raid6: sse2x1   gen() 3261052 MB/s
[   24.862050] raid6: sse2x1   xor()  9831 MB/s
[   24.937274] raid6: sse2x2   gen() 15358 MB/s
[   25.012447] raid6: sse2x2   xor() 11004 MB/s
[   25.087673] raid6: sse2x4   gen() 18027 MB/s
[   25.162845] raid6: sse2x4   xor() 12481 MB/s
[   25.167531] raid6: using algorithm sse2x1 gen() 3261052 MB/s
[   25.172881] raid6: .... xor() 9831 MB/s, rmw enabled
[   25.177090] raid6: using ssse3x2 recovery algorithm
[   25.183744] xor: measuring software checksum speed
[   25.228221]    prefetch64-sse: 20308.000 MB/sec
[   25.268253]    generic_sse: 22908.000 MB/sec
[   25.272416] xor: using function: generic_sse (22908.000 MB/sec)
[   25.280617] async_tx: api initialized (async)
[   25.324869] md: raid6 personality registered for level 6
[   25.330084] md: raid5 personality registered for level 5
[   25.335231] md: raid4 personality registered for level 4
[   25.362628] md: raid10 personality registered for level 10
done.
Begin: Running /scripts/init-premount ... done.
Begin: Mounting root file system ... Begin: Running /scripts/local-top ... done.
Begin: Running /scripts/local-premount ... [   25.429775] Btrfs loaded
Scanning for Btrfs filesystems
done.
Warning: fsck not present, so skipping root file system
[   25.490876] EXT4-fs (sda1): mounted filesystem with ordered data mode. Opts: (null)
done.
Begin: Running /scripts/local-bottom ... done.
Begin: Running /scripts/init-bottom ... done.
[   25.679487] systemd[1]: systemd 229 running in system mode. (+PAM +AUDIT +SELINUX +IMA +APPARMOR +SMACK +SYSVINIT +UTMP +LIBCRYPTSETUP +GCRYPT +GNUTLS +ACL +XZ -LZ4 +SECCOMP +BLKID +ELFUTILS +KMOD -IDN)
[   25.697123] systemd[1]: Detected virtualization oracle.
[   25.701895] systemd[1]: Detected architecture x86-64.

Welcome to [1mUbuntu 16.04.7 LTS[0m!

[   25.715346] systemd[1]: Set hostname to <ubuntu>.
[   25.732611] systemd[1]: Initializing machine ID from random generator.
[   25.738003] systemd[1]: Installed transient /etc/machine-id file.
[   25.980743] systemd[1]: Reached target Encrypted Volumes.
[[0;32m  OK  [0m] Reached target Encrypted Volumes.
[   25.988870] systemd[1]: Listening on LVM2 poll daemon socket.
[[0;32m  OK  [0m] Listening on LVM2 poll daemon socket.
[   25.997997] systemd[1]: Listening on Journal Socket.
[[0;32m  OK  [0m] Listening on Journal Socket.
[   26.007684] systemd[1]: Listening on udev Control Socket.
[[0;32m  OK  [0m] Listening on udev Control Socket.
[   26.016698] systemd[1]: Reached target Swap.
[[0;32m  OK  [0m] Reached target Swap.
[   26.027124] systemd[1]: Created slice User and Session Slice.
[[0;32m  OK  [0m] Created slice User and Session Slice.
[   26.040978] systemd[1]: Set up automount Arbitrary Executable File Formats File System Automount Point.
[[0;32m  OK  [0m] Set up automount Arbitrary Executab...ats File System Automount Point.
[   26.053978] systemd[1]: Reached target System Time Synchronized.
[[0;32m  OK  [0m] Reached target System Time Synchronized.
[   26.063629] systemd[1]: Listening on LVM2 metadata daemon socket.
[[0;32m  OK  [0m] Listening on LVM2 metadata daemon socket.
[   26.076457] systemd[1]: Listening on Journal Socket (/dev/log).
[[0;32m  OK  [0m] Listening on Journal Socket (/dev/log).
[   26.087387] systemd[1]: Created slice System Slice.
[[0;32m  OK  [0m] Created slice System Slice.
[   26.113168] systemd[1]: Starting Set console keymap...
         Starting Set console keymap...
[   26.125727] systemd[1]: Starting Nameserver information manager...
         Starting Nameserver information manager...
[   26.138350] systemd[1]: Starting Remount Root and Kernel File Systems...
         Starting Remount Root and Kernel File Systems...[   26.150023] EXT4-fs (sda1): re-mounted. Opts: (null)

[   26.153575] systemd[1]: Mounting Huge Pages File System...
         Mounting Huge Pages File System...
[   26.162483] systemd[1]: Reached target Slices.
[[0;32m  OK  [0m] Reached target Slices.
[   26.170356] systemd[1]: Starting Create list of required static device nodes for the current kernel...
         Starting Create list of required st... nodes for the current kernel...
[   26.187582] systemd[1]: Started Forward Password Requests to Wall Directory Watch.
[[0;32m  OK  [0m] Started Forward Password Requests to Wall Directory Watch.
[   26.198576] systemd[1]: Listening on Journal Audit Socket.
[[0;32m  OK  [0m] Listening on Journal Audit Socket.
[   26.207034] systemd[1]: Listening on udev Kernel Socket.
[[0;32m  OK  [0m] Listening on udev Kernel Socket.
[   26.232309] systemd[1]: Starting Load Kernel Modules...
         Starting Load Kernel Modules...
[   26.249301] systemd[1]: Starting Uncomplicated firewall...
         Starting Uncomplicated firewall...
[   26.259459] systemd[1]: Listening on /dev/initctl Compatibility Named Pipe.
[   26.269164] Loading iSCSI transport class v2.0-870.
[[0;32m  OK  [0m] Listening on /dev/initctl Compatibility Named Pipe.
[   26.278033] systemd[1]: Created slice system-serial\x2dgetty.slice.
[[0;32m  OK  [0m] Created slice system-serial\x2dgetty.slice.
[   26.292311] iscsi: registered transport (tcp)
[   26.304375] systemd[1]: Mounting Debug File System...
         Mounting Debug File System...
[   26.316584] systemd[1]: Mounting POSIX Message Queue File System...
         Mounting POSIX Message Queue File System...
[   26.330705] systemd[1]: Reached target User and Group Name Lookups.
[[0;32m  OK  [0m] Reached target User and Group Name Lookups.
[   26.348505] systemd[1]: Listening on Device-mapper event daemon FIFOs.
[[0;32m  OK  [0m] Listening on Device-mapper event daemon FIFOs.
[   26.366628] systemd[1]: Starting Monitoring of LVM2 mirrors, snapshots etc. using dmeventd or progress polling...
         Starting Monitoring of LVM2 mirrors... dmeventd or progress polling...
[   26.386662] systemd[1]: Listening on Syslog Socket.
[[0;32m  OK  [0m] Listening on Syslog Socket.
[   26.414472] systemd[1]: Starting Journal Service...
[   26.425404] iscsi: registered transport (iser)
         Starting Journal Service...
[   26.443651] systemd[1]: Started Trigger resolvconf update for networkd DNS.
[[0;32m  OK  [0m] Started Trigger resolvconf update for networkd DNS.
[   26.473286] systemd[1]: Mounted Debug File System.
[[0;32m  OK  [0m] Mounted Debug File System.
[   26.483713] systemd[1]: Mounted Huge Pages File System.
[[0;32m  OK  [0m] Mounted Huge Pages File System.
[   26.495716] systemd[1]: Mounted POSIX Message Queue File System.
[[0;32m  OK  [0m] Mounted POSIX Message Queue File System.
[   26.505416] systemd[1]: Started Journal Service.
[[0;32m  OK  [0m] Started Journal Service.
[[0;32m  OK  [0m] Started Set console keymap.
[[0;32m  OK  [0m] Started Remount Root and Kernel File Systems.
[[0;32m  OK  [0m] Started Create list of required sta...ce nodes for the current kernel.
[[0;32m  OK  [0m] Started Load Kernel Modules.
[[0;32m  OK  [0m] Started Uncomplicated firewall.
[[0;32m  OK  [0m] Started Nameserver information manager.
[[0;32m  OK  [0m] Started LVM2 metadata daemon.
         Starting Apply Kernel Variables...
         Mounting FUSE Control File System...
         Starting Create Static Device Nodes in /dev...
         Starting Load/Save Random Seed...
         Starting udev Coldplug all Devices...
         Starting Flush Journal to Persistent Storage...
[[0;32m  OK  [0m] Mounted FUSE Control File System.
[[0;32m  OK  [0m] Started Apply Kernel Variables.
[[0;32m  OK  [0m] Started Load/Save Random Seed.
[[0;32m  OK  [0m] Started Flush Journal to Persistent Storage.
[[0;32m  OK  [0m] Started Create Static Device Nodes in /dev.
         Starting udev Kernel Device Manager...
[[0;32m  OK  [0m] Started udev Coldplug all Devices.
[[0;32m  OK  [0m] Started udev Kernel Device Manager.
[[0;32m  OK  [0m] Started Dispatch Password Requests to Console Directory Watch.
[[0;32m  OK  [0m] Found device /dev/ttyS0.
[[0;32m  OK  [0m] Listening on Load/Save RF Kill Switch Status /dev/rfkill Watch.
[[0;32m  OK  [0m] Started Monitoring of LVM2 mirrors,...ng dmeventd or progress polling.
[[0;32m  OK  [0m] Reached target Local File Systems (Pre).
[[0;32m  OK  [0m] Reached target Local File Systems.
         Starting LSB: AppArmor initialization...
         Starting Tell Plymouth To Write Out Runtime Data...
         Starting Commit a transient machine-id on disk...
         Starting Create Volatile Files and Directories...
         Starting Set console font and keymap...
         Starting Initial cloud-init job (pre-networking)...
[[0;32m  OK  [0m] Started Tell Plymouth To Write Out Runtime Data.
[[0;32m  OK  [0m] Started Create Volatile Files and Directories.
         Starting Update UTMP about System Boot/Shutdown...
[[0;32m  OK  [0m] Started Commit a transient machine-id on disk.
[[0;32m  OK  [0m] Started Update UTMP about System Boot/Shutdown.
[[0;32m  OK  [0m] Started LSB: AppArmor initialization.
[   28.780661] cloud-init[516]: Cloud-init v. 20.4.1-0ubuntu1~16.04.1 running 'init-local' at Mon, 22 Mar 2021 18:29:12 +0000. Up 28.32 seconds.
         Starting Load AppArmor profiles managed internally by snapd...
[[0;32m  OK  [0m] Started Initial cloud-init job (pre-networking).
[[0;32m  OK  [0m] Started Load AppArmor profiles managed internally by snapd.
[[0;32m  OK  [0m] Reached target Network (Pre).
         Starting Raise network interfaces...
[[0;32m  OK  [0m] Started Raise network interfaces.
[[0;32m  OK  [0m] Reached target Network.
         Starting Initial cloud-init job (metadata service crawler)...
[[0;32m  OK  [0m] Started Set console font and keymap.
[[0;32m  OK  [0m] Created slice system-getty.slice.
[   30.584975] cloud-init[920]: Cloud-init v. 20.4.1-0ubuntu1~16.04.1 running 'init' at Mon, 22 Mar 2021 18:29:14 +0000. Up 30.02 seconds.
[   30.590840] cloud-init[920]: ci-info: ++++++++++++++++++++++++++++++++++++++Net device info++++++++++++++++++++++++++++++++++++++
[   30.596107] cloud-init[920]: ci-info: +--------+------+----------------------------+---------------+--------+-------------------+
[   30.601451] cloud-init[920]: ci-info: | Device |  Up  |          Address           |      Mask     | Scope  |     Hw-Address    |
[   30.607063] cloud-init[920]: ci-info: +--------+------+----------------------------+---------------+--------+-------------------+
[   30.614602] cloud-init[920]: ci-info: | enp0s3 | True |         10.0.2.15          | 255.255.255.0 | global | 02:95:c5:cf:8a:88 |
[   30.620134] cloud-init[920]: ci-info: | enp0s3 | True | fe80::95:c5ff:fecf:8a88/64 |       .       |  link  | 02:95:c5:cf:8a:88 |
[   30.626323] cloud-init[920]: ci-info: |   lo   | True |         127.0.0.1          |   255.0.0.0   |  host  |         .         |
[   30.631565] cloud-init[920]: ci-info: |   lo   | True |          ::1/128           |       .       |  host  |         .         |
[   30.636944] cloud-init[920]: ci-info: +--------+------+----------------------------+---------------+--------+-------------------+
[   30.642410] cloud-init[920]: ci-info: +++++++++++++++++++++++++++Route IPv4 info++++++++++++++++++++++++++++
[   30.646980] cloud-init[920]: ci-info: +-------+-------------+----------+---------------+-----------+-------+
[   30.651438] cloud-init[920]: ci-info: | Route | Destination | Gateway  |    Genmask    | Interface | Flags |
[   30.656264] cloud-init[920]: ci-info: +-------+-------------+----------+---------------+-----------+-------+
[   30.661180] cloud-init[920]: ci-info: |   0   |   0.0.0.0   | 10.0.2.2 |    0.0.0.0    |   enp0s3  |   UG  |
[   30.665964] cloud-init[920]: ci-info: |   1   |   10.0.2.0  | 0.0.0.0  | 255.255.255.0 |   enp0s3  |   U   |
[   30.670477] cloud-init[920]: ci-info: +-------+-------------+----------+---------------+-----------+-------+
[   30.675528] cloud-init[920]: ci-info: +++++++++++++++++++Route IPv6 info+++++++++++++++++++
[   30.679502] cloud-init[920]: ci-info: +-------+-------------+---------+-----------+-------+
[   30.683573] cloud-init[920]: ci-info: | Route | Destination | Gateway | Interface | Flags |
[   30.687598] cloud-init[920]: ci-info: +-------+-------------+---------+-----------+-------+
[   30.691759] cloud-init[920]: ci-info: |   0   |  fe80::/64  |    ::   |   enp0s3  |   U   |
[   30.695855] cloud-init[920]: ci-info: |   3   |   ff00::/8  |    ::   |   enp0s3  |   U   |
[   30.699801] cloud-init[920]: ci-info: +-------+-------------+---------+-----------+-------+
[   30.703885] cloud-init[920]: Generating public/private rsa key pair.
[   30.707395] cloud-init[920]: Your identification has been saved in /etc/ssh/ssh_host_rsa_key.
[   30.711659] cloud-init[920]: Your public key has been saved in /etc/ssh/ssh_host_rsa_key.pub.
[   30.715820] cloud-init[920]: The key fingerprint is:
[   30.718839] cloud-init[920]: SHA256:g8n9Xh1Nc3Y5oEqNXgmN/q/Yp6HTQ/uDvdX3/qrrTvc root@ubuntu-xenial
[   30.723619] cloud-init[920]: The key's randomart image is:
[   30.726976] cloud-init[920]: +---[RSA 2048]----+
[   30.730074] cloud-init[920]: |         .o  .   |
[   30.733204] cloud-init[920]: |         .+.o . .|
[   30.736199] cloud-init[920]: |        .o =   +=|
[   30.739257] cloud-init[920]: |     . +o.o    +=|
[   30.742593] cloud-init[920]: |      + So.   . .|
[   30.743429] cloud-init[920]: |         o o . ..|
[   30.743909] cloud-init[920]: |          +.B o.o|
[   30.744722] cloud-init[920]: |         o+B.*..o|
[   30.745092] cloud-init[920]: |         oo*@=+oE|
[   30.745508] cloud-init[920]: +----[SHA256]-----+
[   30.745851] cloud-init[920]: Generating public/private dsa key pair.
[   30.746243] cloud-init[920]: Your identification has been saved in /etc/ssh/ssh_host_dsa_key.
[   30.746606] cloud-init[920]: Your public key has been saved in /etc/ssh/ssh_host_dsa_key.pub.
[   30.746982] cloud-init[920]: The key fingerprint is:
[   30.747434] cloud-init[920]: SHA256:cqv8tknQre0IjWAA5C1bL0kwbxU6GtOwfPvGXjZ6O2U root@ubuntu-xenial
[   30.747508] cloud-init[920]: The key's randomart image is:
[   30.747613] cloud-init[920]: +---[DSA 1024]----+
[   30.748204] cloud-init[920]: |o=   o.          |
[   30.748459] cloud-init[920]: |o.O o            |
[   30.748831] cloud-init[920]: | B.@             |
[   30.749220] cloud-init[920]: |  @.=  . .       |
[   30.749591] cloud-init[920]: | o +o.o S .      |
[   30.749972] cloud-init[920]: |   .+. * E       |
[   30.750391] cloud-init[920]: |     +o+B .      |
[   30.750735] cloud-init[920]: |    o.+*o+       |
[   30.751163] cloud-init[920]: |     o++B..      |
[   30.751524] cloud-init[920]: +----[SHA256]-----+
[   30.751899] cloud-init[920]: Generating public/private ecdsa key pair.
[   30.752710] cloud-init[920]: Your identification has been saved in /etc/ssh/ssh_host_ecdsa_key.
[   30.753099] cloud-init[920]: Your public key has been saved in /etc/ssh/ssh_host_ecdsa_key.pub.
[   30.753460] cloud-init[920]: The key fingerprint is:
[   30.753862] cloud-init[920]: SHA256:fvHb9ZdZ+XS19XumLYFvyH8saOORMFF58s/NwA0mWWs root@ubuntu-xenial
[   30.754219] cloud-init[920]: The key's randomart image is:
[   30.754594] cloud-init[920]: +---[ECDSA 256]---+
[   30.754968] cloud-init[920]: |            .+.  |
[   30.755349] cloud-init[920]: |           .= +. |
[   30.755739] cloud-init[920]: |          .  BEo |
[   30.755830] cloud-init[920]: |           . .+ +|
[   30.755926] cloud-init[920]: |        S +  . =B|
[   30.756210] cloud-init[920]: |       .   =...oX|
[   30.756759] cloud-init[920]: |        . ..++ +O|
[   30.757184] cloud-init[920]: |         .  *+=*O|
[   30.757548] cloud-init[920]: |           oo++*=|
[   30.757948] cloud-init[920]: +----[SHA256]-----+
[   30.758324] cloud-init[920]: Generating public/private ed25519 key pair.
[   30.758702] cloud-init[920]: Your identification has been saved in /etc/ssh/ssh_host_ed25519_key.
[   30.759149] cloud-init[920]: Your public key has been saved in /etc/ssh/ssh_host_ed25519_key.pub.
[   30.759522] cloud-init[920]: The key fingerprint is:
[   30.759919] cloud-init[920]: SHA256:eE13Co57mrrxlWbtwCKYLCp7kh796QGViC6kSDptFEw root@ubuntu-xenial
[   30.760703] cloud-init[920]: The key's randomart image is:
[   30.761112] cloud-init[920]: +--[ED25519 256]--+
[   30.761453] cloud-init[920]: | oE              |
[   30.761884] cloud-init[920]: |  o.. .          |
[   30.762246] cloud-init[920]: | +.. o    o . .  |
[   30.762623] cloud-init[920]: |Bo  .  . = o o   |
[   30.763005] cloud-init[920]: |*.o.  . S o .    |
[   30.763392] cloud-init[920]: |.o...o . o o     |
[   30.763793] cloud-init[920]: | o..+.o o O .    |
[   30.764578] cloud-init[920]: |+.o.. o+ O o     |
[   30.764959] cloud-init[920]: |==  .+oo+   .    |
[   30.765354] cloud-init[920]: +----[SHA256]-----+
[[0;32m  OK  [0m] Started Initial cloud-init job (metadata service crawler).
[[0;32m  OK  [0m] Reached target Network is Online.
         Starting iSCSI initiator daemon (iscsid)...
[[0;32m  OK  [0m] Reached target Cloud-config availability.
[[0;32m  OK  [0m] Reached target System Initialization.
         Starting Socket activation for snappy daemon.
[[0;32m  OK  [0m] Started ACPI Events Check.
[[0;32m  OK  [0m] Reached target Paths.
         Starting LXD - unix socket.
[[0;32m  OK  [0m] Started Message of the Day.
[[0;32m  OK  [0m] Started Daily Cleanup of Temporary Directories.
[[0;32m  OK  [0m] Started Daily apt download activities.
[[0;32m  OK  [0m] Started Daily apt upgrade and clean activities.
[[0;32m  OK  [0m] Reached target Timers.
[[0;32m  OK  [0m] Listening on UUID daemon activation socket.
[[0;32m  OK  [0m] Listening on ACPID Listen Socket.
[[0;32m  OK  [0m] Listening on D-Bus System Message Bus Socket.
[[0;32m  OK  [0m] Listening on Socket activation for snappy daemon.
[[0;32m  OK  [0m] Listening on LXD - unix socket.
[[0;32m  OK  [0m] Started iSCSI initiator daemon (iscsid).
         Starting Login to default iSCSI targets...
[[0;32m  OK  [0m] Reached target Sockets.
[[0;32m  OK  [0m] Reached target Basic System.
         Starting LSB: MD monitoring daemon...
         Starting Accounts Service...
[[0;32m  OK  [0m] Started Regular background program processing daemon.
         Starting Virtualbox guest utils...
         Starting /etc/rc.local Compatibility...
[[0;32m  OK  [0m] Started FUSE filesystem for LXC.
[[0;32m  OK  [0m] Started D-Bus System Message Bus.
[[0;32m  OK  [0m] Started Deferred execution scheduler.
         Starting System Logging Service...
         Starting Login Service...
         Starting Pollinate to seed the pseudo random number generator...
         Starting Snap Daemon...
         Starting LXD - container startup/shutdown...
         Starting LSB: Record successful boot for GRUB...
[[0;32m  OK  [0m] Started ACPI event daemon.
[[0;32m  OK  [0m] Started System Logging Service.
[[0;32m  OK  [0m] Started /etc/rc.local Compatibility.
         Starting Authenticate and Authorize Users to Run Privileged Tasks...
[[0;32m  OK  [0m] Started Login Service.
[[0;32m  OK  [0m] Started Unattended Upgrades Shutdown.
[[0;32m  OK  [0m] Started Login to default iSCSI targets.
[[0;32m  OK  [0m] Reached target Remote File Systems (Pre).
[[0;32m  OK  [0m] Reached target Remote File Systems.
         Starting LSB: Set the CPU Frequency Scaling governor to "ondemand"...
         Starting Permit User Sessions...
         Starting LSB: daemon to balance interrupts for SMP systems...
         Starting LSB: automatic crash report generation...
[[0;32m  OK  [0m] Started Permit User Sessions.
         Starting Hold until boot process finishes up...
         Starting Terminate Plymouth Boot Screen...
[[0;32m  OK  [0m] Started Hold until boot process finishes up.
[[0;32m  OK  [0m] Started Terminate Plymouth Boot Screen.
         Starting Set console scheme...
[[0;32m  OK  [0m] Started Serial Getty on ttyS0.
[[0;32m  OK  [0m] Started Getty on tty1.
[[0;32m  OK  [0m] Reached target Login Prompts.
[[0;32m  OK  [0m] Started LSB: Record successful boot for GRUB.
[[0;32m  OK  [0m] Started Set console scheme.
[[0;32m  OK  [0m] Started LSB: MD monitoring daemon.
[[0;32m  OK  [0m] Started LSB: Set the CPU Frequency Scaling governor to "ondemand".
[[0;32m  OK  [0m] Started Authenticate and Authorize Users to Run Privileged Tasks.
[[0;32m  OK  [0m] Started Accounts Service.
[[0;32m  OK  [0m] Started LSB: daemon to balance interrupts for SMP systems.
[[0;32m  OK  [0m] Started LXD - container startup/shutdown.
[[0;32m  OK  [0m] Started LSB: automatic crash report generation.
[[0;32m  OK  [0m] Started Virtualbox guest utils.
[[0;32m  OK  [0m] Started Snap Daemon.
         Starting Wait until snapd is fully seeded...
[[0;32m  OK  [0m] Started Pollinate to seed the pseudo random number generator.
         Starting OpenBSD Secure Shell server...
[[0;32m  OK  [0m] Started OpenBSD Secure Shell server.
[[0;32m  OK  [0m] Created slice User Slice of vagrant.
         Starting User Manager for UID 1000...
[[0;32m  OK  [0m] Started Session 1 of user vagrant.
[[0;32m  OK  [0m] Started User Manager for UID 1000.
[[0;32m  OK  [0m] Started Wait until snapd is fully seeded.
         Starting Apply the settings specified in cloud-config...
[[0;32m  OK  [0m] Reached target Multi-User System.
[[0;32m  OK  [0m] Reached target Graphical Interface.
         Starting Update UTMP about System Runlevel Changes...
[[0;32m  OK  [0m] Started Update UTMP about System Runlevel Changes.
[   36.176088] cloud-init[1374]: Generating locales (this might take a while)...
[   37.402913] cloud-init[1374]:   en_US.UTF-8... done
[   37.407947] cloud-init[1374]: Generation complete.

Ubuntu 16.04.7 LTS ubuntu-xenial ttyS0

ubuntu-xenial login: [   37.765917] cloud-init[1374]: Cloud-init v. 20.4.1-0ubuntu1~16.04.1 running 'modules:config' at Mon, 22 Mar 2021 18:29:20 +0000. Up 36.04 seconds.
ci-info: no authorized SSH keys fingerprints found for user ubuntu.
<14>Mar 22 18:29:22 ec2: 
<14>Mar 22 18:29:22 ec2: #############################################################
<14>Mar 22 18:29:22 ec2: -----BEGIN SSH HOST KEY FINGERPRINTS-----
<14>Mar 22 18:29:22 ec2: 1024 SHA256:cqv8tknQre0IjWAA5C1bL0kwbxU6GtOwfPvGXjZ6O2U root@ubuntu-xenial (DSA)
<14>Mar 22 18:29:22 ec2: 256 SHA256:fvHb9ZdZ+XS19XumLYFvyH8saOORMFF58s/NwA0mWWs root@ubuntu-xenial (ECDSA)
<14>Mar 22 18:29:22 ec2: 256 SHA256:eE13Co57mrrxlWbtwCKYLCp7kh796QGViC6kSDptFEw root@ubuntu-xenial (ED25519)
<14>Mar 22 18:29:22 ec2: 2048 SHA256:g8n9Xh1Nc3Y5oEqNXgmN/q/Yp6HTQ/uDvdX3/qrrTvc root@ubuntu-xenial (RSA)
<14>Mar 22 18:29:22 ec2: -----END SSH HOST KEY FINGERPRINTS-----
<14>Mar 22 18:29:22 ec2: #############################################################
-----BEGIN SSH HOST KEY KEYS-----
ecdsa-sha2-nistp256 AAAAE2VjZHNhLXNoYTItbmlzdHAyNTYAAAAIbmlzdHAyNTYAAABBBNPKxXomci2z5prrCbgLw5e0RTRw4S4m1mziaQ5iQK9ranClHh6oJKedDMV7UlQ5zeVKLaYBCaKxG5d66gt3F70= root@ubuntu-xenial
ssh-ed25519 AAAAC3NzaC1lZDI1NTE5AAAAIA1GG9Vx8XG7WQqzoROAiqLEmM2arAlSUYMd69t5vrES root@ubuntu-xenial
ssh-rsa AAAAB3NzaC1yc2EAAAADAQABAAABAQDY34vDnv4s3eLWzO9g2l5ORVPA9HYXU5tcbZuOIhuI768gMDcqQjtb2NXqNzMByUJzbk9yV+Aqm85x9DKk5RNhxjDFTOthA1OTXW1GrKkVxoxa3lSlmItwrlEzcEXPPN0EcnAcaeLGD4FUA3XLySIkt9nDmTlbY43DUrlTzyTl0kjQc9dn2+F7uTRs45cswhgJZzfzfJLtG7E6RBScU79qNG+3zdCththNNUQ09qvtKeoUowl2I98lxf/3KMV+gILEFiLzAaYkwGTXdagXkle/jPgZtI/Txfk/9znuOHrZauHpXvhdGFCCgF37wafrnl9w7bSlEjV3EzNvXRJgPq5T root@ubuntu-xenial
-----END SSH HOST KEY KEYS-----
[   38.185561] cloud-init[1511]: Cloud-init v. 20.4.1-0ubuntu1~16.04.1 running 'modules:final' at Mon, 22 Mar 2021 18:29:22 +0000. Up 38.02 seconds.
[   38.209491] cloud-init[1511]: ci-info: no authorized SSH keys fingerprints found for user ubuntu.
[   38.215557] cloud-init[1511]: Cloud-init v. 20.4.1-0ubuntu1~16.04.1 finished at Mon, 22 Mar 2021 18:29:22 +0000. Datasource DataSourceNoCloud [seed=/dev/sdb][dsmode=net].  Up 38.18 seconds
